[2025-11-08 21:14:36.840 +00:00] [FTL] [1] : Failed to create/read logger configuration
System.ArgumentException: A source source must be provided. (Parameter 'source')
   at Serilog.Configuration.LoggerMinimumLevelConfiguration.Override(String source, LoggingLevelSwitch levelSwitch)
   at Serilog.Settings.Configuration.ConfigurationReader.<>c__DisplayClass11_1.<ApplyMinimumLevel>b__3(LoggerMinimumLevelConfiguration configuration, LoggingLevelSwitch levelSwitch)
   at Serilog.Settings.Configuration.ConfigurationReader.<>c__DisplayClass11_0.<ApplyMinimumLevel>g__ApplyMinimumLevelConfiguration|1(IConfigurationSection directive, Action`2 applyConfigAction)
   at Serilog.Settings.Configuration.ConfigurationReader.ApplyMinimumLevel(LoggerConfiguration loggerConfiguration)
   at Serilog.Settings.Configuration.ConfigurationReader.Configure(LoggerConfiguration loggerConfiguration)
   at Serilog.Configuration.LoggerSettingsConfiguration.Settings(ILoggerSettings settings)
   at Serilog.ConfigurationLoggerConfigurationExtensions.Configuration(LoggerSettingsConfiguration settingConfiguration, IConfiguration configuration, ConfigurationReaderOptions readerOptions)
   at Jellyfin.Server.Helpers.StartupHelpers.InitializeLoggingFramework(IConfiguration configuration, IApplicationPaths appPaths)
[2025-11-08 21:14:36.915 +00:00] [INF] [1] Emby.Server.Implementations.AppBase.BaseConfigurationManager: Setting cache path: "/cache"
[2025-11-08 21:14:37.057 +00:00] [INF] [6] Jellyfin.Server.ServerSetupApp.SetupServer: Kestrel is listening on "0.0.0.0"
[2025-11-08 21:14:37.076 +00:00] [INF] [6] Microsoft.Hosting.Lifetime: Now listening on: "http://0.0.0.0:8096"
[2025-11-08 21:14:37.076 +00:00] [INF] [6] Microsoft.Hosting.Lifetime: Application started. Press Ctrl+C to shut down.
[2025-11-08 21:14:37.076 +00:00] [INF] [6] Microsoft.Hosting.Lifetime: Hosting environment: "Production"
[2025-11-08 21:14:37.076 +00:00] [INF] [6] Microsoft.Hosting.Lifetime: Content root path: "/"
[2025-11-08 21:14:37.076 +00:00] [INF] [6] Main: Jellyfin version: "10.11.1"
[2025-11-08 21:14:37.078 +00:00] [INF] [6] Main: Environment Variables: ["[JELLYFIN_FFMPEG, /usr/bin/ffmpeg]", "[JELLYFIN_WEB_DIR, /jellyfin/jellyfin-web]", "[JELLYFIN_CONFIG_DIR, /config/config]", "[JELLYFIN_CACHE_DIR, /cache]", "[JELLYFIN_LOG_DIR, /config/log]", "[JELLYFIN_DATA_DIR, /config]"]
[2025-11-08 21:14:37.079 +00:00] [INF] [6] Main: Arguments: ["/jellyfin/jellyfin.dll"]
[2025-11-08 21:14:37.079 +00:00] [INF] [6] Main: Operating system: "Debian GNU/Linux 13 (trixie)"
[2025-11-08 21:14:37.079 +00:00] [INF] [6] Main: Architecture: X64
[2025-11-08 21:14:37.080 +00:00] [INF] [6] Main: 64-Bit Process: True
[2025-11-08 21:14:37.080 +00:00] [INF] [6] Main: User Interactive: True
[2025-11-08 21:14:37.080 +00:00] [INF] [6] Main: Processor count: 12
[2025-11-08 21:14:37.080 +00:00] [INF] [6] Main: Program data path: "/config"
[2025-11-08 21:14:37.080 +00:00] [INF] [6] Main: Log directory path: "/config/log"
[2025-11-08 21:14:37.080 +00:00] [INF] [6] Main: Config directory path: "/config/config"
[2025-11-08 21:14:37.080 +00:00] [INF] [6] Main: Cache path: "/cache"
[2025-11-08 21:14:37.080 +00:00] [INF] [6] Main: Temp directory path: "/tmp/jellyfin"
[2025-11-08 21:14:37.080 +00:00] [INF] [6] Main: Web resources path: "/jellyfin/jellyfin-web"
[2025-11-08 21:14:37.080 +00:00] [INF] [6] Main: Application directory: "/jellyfin/"
[2025-11-08 21:14:37.088 +00:00] [INF] [6] Jellyfin.Server.Startup: Storage path `"/config/data"` (Fixed) successfully checked with "337.9GiB" free which is over the minimum of "2GiB".
[2025-11-08 21:14:37.088 +00:00] [INF] [6] Jellyfin.Server.Startup: Storage path `"/config/log"` (Fixed) successfully checked with "337.9GiB" free which is over the minimum of "512MiB".
[2025-11-08 21:14:37.088 +00:00] [INF] [6] Jellyfin.Server.Startup: Storage path `"/cache"` (Fixed) successfully checked with "337.9GiB" free which is over the minimum of "2GiB".
[2025-11-08 21:14:37.088 +00:00] [INF] [6] Jellyfin.Server.Startup: Storage path `"/config"` (Fixed) successfully checked with "337.9GiB" free which is over the minimum of "2GiB".
[2025-11-08 21:14:37.088 +00:00] [INF] [6] Jellyfin.Server.Startup: Storage path `"/tmp/jellyfin"` (Fixed) successfully checked with "337.9GiB" free which is over the minimum of "512MiB".
[2025-11-08 21:14:37.090 +00:00] [INF] [6] Emby.Server.Implementations.AppBase.BaseConfigurationManager: Setting cache path: "/cache"
[2025-11-08 21:14:37.126 +00:00] [INF] [6] Jellyfin.Database.Providers.Sqlite.SqliteDatabaseProvider: SQLite connection string: "Data Source=/config/data/jellyfin.db;Cache=Default;Pooling=True"
[2025-11-08 21:14:37.130 +00:00] [INF] [6] Jellyfin.Database.Providers.Sqlite.SqliteDatabaseProvider: SQLITE connection pragma command set to: 
"PRAGMA locking_mode=NORMAL;
PRAGMA journal_size_limit=134217728;
PRAGMA synchronous=1;
PRAGMA temp_store=2;
"
[2025-11-08 21:14:37.131 +00:00] [INF] [6] Jellyfin.Database.Implementations.Locking.NoLockBehavior: The database locking mode has been set to: NoLock.
[2025-11-08 21:14:37.150 +00:00] [INF] [6] Jellyfin.Server.Migrations.JellyfinMigrationService: Initialise Migration service.
[2025-11-08 21:14:37.765 +00:00] [INF] [6] Microsoft.EntityFrameworkCore.Database.Command: Executed DbCommand ("2"ms) [Parameters=[""], CommandType='Text', CommandTimeout='30']"
""SELECT COUNT(*) FROM \"sqlite_master\" WHERE \"name\" = '__EFMigrationsHistory' AND \"type\" = 'table';"
[2025-11-08 21:14:37.774 +00:00] [INF] [6] Microsoft.EntityFrameworkCore.Database.Command: Executed DbCommand ("1"ms) [Parameters=[""], CommandType='Text', CommandTimeout='30']"
""SELECT \"MigrationId\", \"ProductVersion\"
FROM \"__EFMigrationsHistory\"
ORDER BY \"MigrationId\";"
[2025-11-08 21:14:37.779 +00:00] [INF] [6] Jellyfin.Server.Migrations.JellyfinMigrationService: There are 0 migrations for stage PreInitialisation.
[2025-11-08 21:14:37.786 +00:00] [INF] [6] Emby.Server.Implementations.AppBase.BaseConfigurationManager: Setting cache path: "/cache"
[2025-11-08 21:14:37.820 +00:00] [INF] [6] Emby.Server.Implementations.ApplicationHost: Loading assemblies
[2025-11-08 21:14:37.827 +00:00] [INF] [6] Emby.Server.Implementations.Plugins.PluginManager: Loaded assembly "Jellyfin.Xtream, Version=0.8.0.0, Culture=neutral, PublicKeyToken=null" from "/config/plugins/Jellyfin.Xtream/Jellyfin.Xtream.dll"
[2025-11-08 21:14:37.843 +00:00] [INF] [6] Jellyfin.Networking.Manager.NetworkManager: Defined LAN subnets: ["127.0.0.1/8", "10.0.0.0/8", "172.16.0.0/12", "192.168.0.0/16"]
[2025-11-08 21:14:37.843 +00:00] [INF] [6] Jellyfin.Networking.Manager.NetworkManager: Defined LAN exclusions: []
[2025-11-08 21:14:37.844 +00:00] [INF] [6] Jellyfin.Networking.Manager.NetworkManager: Used LAN subnets: ["127.0.0.1/8", "10.0.0.0/8", "172.16.0.0/12", "192.168.0.0/16"]
[2025-11-08 21:14:37.845 +00:00] [INF] [6] Jellyfin.Networking.Manager.NetworkManager: Filtered interface addresses: ["127.0.0.1", "172.23.0.2", "10.5.0.2"]
[2025-11-08 21:14:37.845 +00:00] [INF] [6] Jellyfin.Networking.Manager.NetworkManager: Bind Addresses ["0.0.0.0"]
[2025-11-08 21:14:37.845 +00:00] [INF] [6] Jellyfin.Networking.Manager.NetworkManager: Remote IP filter is "Allowlist"
[2025-11-08 21:14:37.845 +00:00] [INF] [6] Jellyfin.Networking.Manager.NetworkManager: Filtered subnets: []
[2025-11-08 21:14:37.909 +00:00] [INF] [6] Jellyfin.Database.Providers.Sqlite.SqliteDatabaseProvider: SQLite connection string: "Data Source=/config/data/jellyfin.db;Cache=Default;Pooling=True"
[2025-11-08 21:14:37.909 +00:00] [INF] [6] Jellyfin.Database.Providers.Sqlite.SqliteDatabaseProvider: SQLITE connection pragma command set to: 
"PRAGMA locking_mode=NORMAL;
PRAGMA journal_size_limit=134217728;
PRAGMA synchronous=1;
PRAGMA temp_store=2;
"
[2025-11-08 21:14:37.909 +00:00] [INF] [6] Jellyfin.Database.Implementations.Locking.NoLockBehavior: The database locking mode has been set to: NoLock.
[2025-11-08 21:14:37.912 +00:00] [INF] [6] Main: Prepare system for possible migrations
[2025-11-08 21:14:37.922 +00:00] [INF] [6] Microsoft.EntityFrameworkCore.Database.Command: Executed DbCommand ("0"ms) [Parameters=[""], CommandType='Text', CommandTimeout='30']"
""SELECT COUNT(*) FROM \"sqlite_master\" WHERE \"name\" = '__EFMigrationsHistory' AND \"type\" = 'table';"
[2025-11-08 21:14:37.923 +00:00] [INF] [6] Microsoft.EntityFrameworkCore.Database.Command: Executed DbCommand ("0"ms) [Parameters=[""], CommandType='Text', CommandTimeout='30']"
""SELECT \"MigrationId\", \"ProductVersion\"
FROM \"__EFMigrationsHistory\"
ORDER BY \"MigrationId\";"
[2025-11-08 21:14:37.936 +00:00] [INF] [6] Microsoft.EntityFrameworkCore.Database.Command: Executed DbCommand ("0"ms) [Parameters=[""], CommandType='Text', CommandTimeout='30']"
""SELECT COUNT(*) FROM \"sqlite_master\" WHERE \"name\" = '__EFMigrationsHistory' AND \"type\" = 'table';"
[2025-11-08 21:14:37.936 +00:00] [INF] [6] Microsoft.EntityFrameworkCore.Database.Command: Executed DbCommand ("0"ms) [Parameters=[""], CommandType='Text', CommandTimeout='30']"
""SELECT \"MigrationId\", \"ProductVersion\"
FROM \"__EFMigrationsHistory\"
ORDER BY \"MigrationId\";"
[2025-11-08 21:14:37.937 +00:00] [INF] [6] Jellyfin.Server.Migrations.JellyfinMigrationService: There are 0 migrations for stage CoreInitialisation.
[2025-11-08 21:14:38.159 +00:00] [INF] [6] Microsoft.EntityFrameworkCore.Database.Command: Executed DbCommand ("0"ms) [Parameters=[""], CommandType='Text', CommandTimeout='30']"
""SELECT \"u\".\"Id\", \"u\".\"AudioLanguagePreference\", \"u\".\"AuthenticationProviderId\", \"u\".\"CastReceiverId\", \"u\".\"DisplayCollectionsView\", \"u\".\"DisplayMissingEpisodes\", \"u\".\"EnableAutoLogin\", \"u\".\"EnableLocalPassword\", \"u\".\"EnableNextEpisodeAutoPlay\", \"u\".\"EnableUserPreferenceAccess\", \"u\".\"HidePlayedInLatest\", \"u\".\"InternalId\", \"u\".\"InvalidLoginAttemptCount\", \"u\".\"LastActivityDate\", \"u\".\"LastLoginDate\", \"u\".\"LoginAttemptsBeforeLockout\", \"u\".\"MaxActiveSessions\", \"u\".\"MaxParentalRatingScore\", \"u\".\"MaxParentalRatingSubScore\", \"u\".\"MustUpdatePassword\", \"u\".\"Password\", \"u\".\"PasswordResetProviderId\", \"u\".\"PlayDefaultAudioTrack\", \"u\".\"RememberAudioSelections\", \"u\".\"RememberSubtitleSelections\", \"u\".\"RemoteClientBitrateLimit\", \"u\".\"RowVersion\", \"u\".\"SubtitleLanguagePreference\", \"u\".\"SubtitleMode\", \"u\".\"SyncPlayAccess\", \"u\".\"Username\", \"i\".\"Id\", \"i\".\"LastModified\", \"i\".\"Path\", \"i\".\"UserId\"
FROM \"Users\" AS \"u\"
LEFT JOIN \"ImageInfos\" AS \"i\" ON \"u\".\"Id\" = \"i\".\"UserId\"
ORDER BY \"u\".\"Id\", \"i\".\"Id\""
[2025-11-08 21:14:38.217 +00:00] [INF] [6] Microsoft.EntityFrameworkCore.Database.Command: Executed DbCommand ("0"ms) [Parameters=[""], CommandType='Text', CommandTimeout='30']"
""SELECT \"p\".\"Id\", \"p\".\"Kind\", \"p\".\"Permission_Permissions_Guid\", \"p\".\"RowVersion\", \"p\".\"UserId\", \"p\".\"Value\", \"u\".\"Id\", \"i\".\"Id\"
FROM \"Users\" AS \"u\"
LEFT JOIN \"ImageInfos\" AS \"i\" ON \"u\".\"Id\" = \"i\".\"UserId\"
INNER JOIN \"Permissions\" AS \"p\" ON \"u\".\"Id\" = \"p\".\"UserId\"
ORDER BY \"u\".\"Id\", \"i\".\"Id\""
[2025-11-08 21:14:38.230 +00:00] [INF] [6] Microsoft.EntityFrameworkCore.Database.Command: Executed DbCommand ("0"ms) [Parameters=[""], CommandType='Text', CommandTimeout='30']"
""SELECT \"p0\".\"Id\", \"p0\".\"Kind\", \"p0\".\"Preference_Preferences_Guid\", \"p0\".\"RowVersion\", \"p0\".\"UserId\", \"p0\".\"Value\", \"u\".\"Id\", \"i\".\"Id\"
FROM \"Users\" AS \"u\"
LEFT JOIN \"ImageInfos\" AS \"i\" ON \"u\".\"Id\" = \"i\".\"UserId\"
INNER JOIN \"Preferences\" AS \"p0\" ON \"u\".\"Id\" = \"p0\".\"UserId\"
ORDER BY \"u\".\"Id\", \"i\".\"Id\""
[2025-11-08 21:14:38.238 +00:00] [INF] [6] Microsoft.EntityFrameworkCore.Database.Command: Executed DbCommand ("0"ms) [Parameters=[""], CommandType='Text', CommandTimeout='30']"
""SELECT \"a\".\"Id\", \"a\".\"DayOfWeek\", \"a\".\"EndHour\", \"a\".\"StartHour\", \"a\".\"UserId\", \"u\".\"Id\", \"i\".\"Id\"
FROM \"Users\" AS \"u\"
LEFT JOIN \"ImageInfos\" AS \"i\" ON \"u\".\"Id\" = \"i\".\"UserId\"
INNER JOIN \"AccessSchedules\" AS \"a\" ON \"u\".\"Id\" = \"a\".\"UserId\"
ORDER BY \"u\".\"Id\", \"i\".\"Id\""
[2025-11-08 21:14:38.322 +00:00] [INF] [6] Emby.Server.Implementations.Plugins.PluginManager: Loaded plugin: "Jellyfin Xtream" "0.8.0.0"
[2025-11-08 21:14:38.322 +00:00] [INF] [6] Emby.Server.Implementations.Plugins.PluginManager: Loaded plugin: "TMDb" "10.11.1.0"
[2025-11-08 21:14:38.323 +00:00] [INF] [6] Emby.Server.Implementations.Plugins.PluginManager: Loaded plugin: "Studio Images" "10.11.1.0"
[2025-11-08 21:14:38.323 +00:00] [INF] [6] Emby.Server.Implementations.Plugins.PluginManager: Loaded plugin: "OMDb" "10.11.1.0"
[2025-11-08 21:14:38.330 +00:00] [INF] [6] Emby.Server.Implementations.Plugins.PluginManager: Loaded plugin: "MusicBrainz" "10.11.1.0"
[2025-11-08 21:14:38.330 +00:00] [INF] [6] Emby.Server.Implementations.Plugins.PluginManager: Loaded plugin: "AudioDB" "10.11.1.0"
[2025-11-08 21:14:38.357 +00:00] [INF] [6] Microsoft.EntityFrameworkCore.Database.Command: Executed DbCommand ("0"ms) [Parameters=[""], CommandType='Text', CommandTimeout='30']"
""SELECT COUNT(*) FROM \"sqlite_master\" WHERE \"name\" = '__EFMigrationsHistory' AND \"type\" = 'table';"
[2025-11-08 21:14:38.357 +00:00] [INF] [6] Microsoft.EntityFrameworkCore.Database.Command: Executed DbCommand ("0"ms) [Parameters=[""], CommandType='Text', CommandTimeout='30']"
""SELECT \"MigrationId\", \"ProductVersion\"
FROM \"__EFMigrationsHistory\"
ORDER BY \"MigrationId\";"
[2025-11-08 21:14:38.358 +00:00] [INF] [6] Jellyfin.Server.Migrations.JellyfinMigrationService: There are 0 migrations for stage AppInitialisation.
[2025-11-08 21:14:38.359 +00:00] [INF] [6] Microsoft.Hosting.Lifetime: Application is shutting down...
[2025-11-08 21:14:38.369 +00:00] [WRN] [8] Microsoft.AspNetCore.DataProtection.Repositories.EphemeralXmlRepository: Using an in-memory repository. Keys will not be persisted to storage.
[2025-11-08 21:14:38.369 +00:00] [WRN] [8] Microsoft.AspNetCore.DataProtection.KeyManagement.XmlKeyManager: Neither user profile nor HKLM registry available. Using an ephemeral key repository. Protected data will be unavailable when application exits.
[2025-11-08 21:14:38.379 +00:00] [INF] [8] Microsoft.EntityFrameworkCore.Database.Command: Executed DbCommand ("0"ms) [Parameters=[""], CommandType='Text', CommandTimeout='30']"
""SELECT \"d\".\"Id\", \"d\".\"AccessToken\", \"d\".\"AppName\", \"d\".\"AppVersion\", \"d\".\"DateCreated\", \"d\".\"DateLastActivity\", \"d\".\"DateModified\", \"d\".\"DeviceId\", \"d\".\"DeviceName\", \"d\".\"IsActive\", \"d\".\"UserId\"
FROM \"Devices\" AS \"d\"
ORDER BY \"d\".\"Id\""
[2025-11-08 21:14:38.392 +00:00] [INF] [8] Microsoft.EntityFrameworkCore.Database.Command: Executed DbCommand ("0"ms) [Parameters=[""], CommandType='Text', CommandTimeout='30']"
""SELECT \"d\".\"Id\", \"d\".\"CustomName\", \"d\".\"DeviceId\"
FROM \"DeviceOptions\" AS \"d\"
ORDER BY \"d\".\"Id\""
[2025-11-08 21:14:38.394 +00:00] [INF] [8] Main: Kestrel is listening on "0.0.0.0"
[2025-11-08 21:14:38.401 +00:00] [INF] [6] Microsoft.AspNetCore.DataProtection.KeyManagement.XmlKeyManager: Creating key {9e5e04de-55dc-46dc-acc1-d909b765b010} with creation date 2025-11-08 21:14:38Z, activation date 2025-11-08 21:14:38Z, and expiration date 2026-02-06 21:14:38Z.
[2025-11-08 21:14:38.405 +00:00] [WRN] [6] Microsoft.AspNetCore.DataProtection.KeyManagement.XmlKeyManager: No XML encryptor configured. Key {9e5e04de-55dc-46dc-acc1-d909b765b010} may be persisted to storage in unencrypted form.
[2025-11-08 21:14:38.483 +00:00] [INF] [8] Microsoft.EntityFrameworkCore.Database.Command: Executed DbCommand ("2"ms) [Parameters=["@__id_0='?' (DbType = Guid)"], CommandType='Text', CommandTimeout='30']"
""SELECT \"b4\".\"Id\", \"b4\".\"Album\", \"b4\".\"AlbumArtists\", \"b4\".\"Artists\", \"b4\".\"Audio\", \"b4\".\"ChannelId\", \"b4\".\"CleanName\", \"b4\".\"CommunityRating\", \"b4\".\"CriticRating\", \"b4\".\"CustomRating\", \"b4\".\"Data\", \"b4\".\"DateCreated\", \"b4\".\"DateLastMediaAdded\", \"b4\".\"DateLastRefreshed\", \"b4\".\"DateLastSaved\", \"b4\".\"DateModified\", \"b4\".\"EndDate\", \"b4\".\"EpisodeTitle\", \"b4\".\"ExternalId\", \"b4\".\"ExternalSeriesId\", \"b4\".\"ExternalServiceId\", \"b4\".\"ExtraIds\", \"b4\".\"ExtraType\", \"b4\".\"ForcedSortName\", \"b4\".\"Genres\", \"b4\".\"Height\", \"b4\".\"IndexNumber\", \"b4\".\"InheritedParentalRatingSubValue\", \"b4\".\"InheritedParentalRatingValue\", \"b4\".\"IsFolder\", \"b4\".\"IsInMixedFolder\", \"b4\".\"IsLocked\", \"b4\".\"IsMovie\", \"b4\".\"IsRepeat\", \"b4\".\"IsSeries\", \"b4\".\"IsVirtualItem\", \"b4\".\"LUFS\", \"b4\".\"MediaType\", \"b4\".\"Name\", \"b4\".\"NormalizationGain\", \"b4\".\"OfficialRating\", \"b4\".\"OriginalTitle\", \"b4\".\"Overview\", \"b4\".\"OwnerId\", \"b4\".\"ParentId\", \"b4\".\"ParentIndexNumber\", \"b4\".\"Path\", \"b4\".\"PreferredMetadataCountryCode\", \"b4\".\"PreferredMetadataLanguage\", \"b4\".\"PremiereDate\", \"b4\".\"PresentationUniqueKey\", \"b4\".\"PrimaryVersionId\", \"b4\".\"ProductionLocations\", \"b4\".\"ProductionYear\", \"b4\".\"RunTimeTicks\", \"b4\".\"SeasonId\", \"b4\".\"SeasonName\", \"b4\".\"SeriesId\", \"b4\".\"SeriesName\", \"b4\".\"SeriesPresentationUniqueKey\", \"b4\".\"ShowId\", \"b4\".\"Size\", \"b4\".\"SortName\", \"b4\".\"StartDate\", \"b4\".\"Studios\", \"b4\".\"Tagline\", \"b4\".\"Tags\", \"b4\".\"TopParentId\", \"b4\".\"TotalBitrate\", \"b4\".\"Type\", \"b4\".\"UnratedType\", \"b4\".\"Width\", \"b0\".\"Id\", \"b0\".\"ItemId\", \"b1\".\"ItemId\", \"b1\".\"ProviderId\", \"b1\".\"ProviderValue\", \"b2\".\"Id\", \"b2\".\"ItemId\", \"u\".\"ItemId\", \"u\".\"UserId\", \"u\".\"CustomDataKey\", \"u\".\"AudioStreamIndex\", \"u\".\"IsFavorite\", \"u\".\"LastPlayedDate\", \"u\".\"Likes\", \"u\".\"PlayCount\", \"u\".\"PlaybackPositionTicks\", \"u\".\"Played\", \"u\".\"Rating\", \"u\".\"RetentionDate\", \"u\".\"SubtitleStreamIndex\", \"b3\".\"Id\", \"b3\".\"Blurhash\", \"b3\".\"DateModified\", \"b3\".\"Height\", \"b3\".\"ImageType\", \"b3\".\"ItemId\", \"b3\".\"Path\", \"b3\".\"Width\"
FROM (
    SELECT \"b\".\"Id\", \"b\".\"Album\", \"b\".\"AlbumArtists\", \"b\".\"Artists\", \"b\".\"Audio\", \"b\".\"ChannelId\", \"b\".\"CleanName\", \"b\".\"CommunityRating\", \"b\".\"CriticRating\", \"b\".\"CustomRating\", \"b\".\"Data\", \"b\".\"DateCreated\", \"b\".\"DateLastMediaAdded\", \"b\".\"DateLastRefreshed\", \"b\".\"DateLastSaved\", \"b\".\"DateModified\", \"b\".\"EndDate\", \"b\".\"EpisodeTitle\", \"b\".\"ExternalId\", \"b\".\"ExternalSeriesId\", \"b\".\"ExternalServiceId\", \"b\".\"ExtraIds\", \"b\".\"ExtraType\", \"b\".\"ForcedSortName\", \"b\".\"Genres\", \"b\".\"Height\", \"b\".\"IndexNumber\", \"b\".\"InheritedParentalRatingSubValue\", \"b\".\"InheritedParentalRatingValue\", \"b\".\"IsFolder\", \"b\".\"IsInMixedFolder\", \"b\".\"IsLocked\", \"b\".\"IsMovie\", \"b\".\"IsRepeat\", \"b\".\"IsSeries\", \"b\".\"IsVirtualItem\", \"b\".\"LUFS\", \"b\".\"MediaType\", \"b\".\"Name\", \"b\".\"NormalizationGain\", \"b\".\"OfficialRating\", \"b\".\"OriginalTitle\", \"b\".\"Overview\", \"b\".\"OwnerId\", \"b\".\"ParentId\", \"b\".\"ParentIndexNumber\", \"b\".\"Path\", \"b\".\"PreferredMetadataCountryCode\", \"b\".\"PreferredMetadataLanguage\", \"b\".\"PremiereDate\", \"b\".\"PresentationUniqueKey\", \"b\".\"PrimaryVersionId\", \"b\".\"ProductionLocations\", \"b\".\"ProductionYear\", \"b\".\"RunTimeTicks\", \"b\".\"SeasonId\", \"b\".\"SeasonName\", \"b\".\"SeriesId\", \"b\".\"SeriesName\", \"b\".\"SeriesPresentationUniqueKey\", \"b\".\"ShowId\", \"b\".\"Size\", \"b\".\"SortName\", \"b\".\"StartDate\", \"b\".\"Studios\", \"b\".\"Tagline\", \"b\".\"Tags\", \"b\".\"TopParentId\", \"b\".\"TotalBitrate\", \"b\".\"Type\", \"b\".\"UnratedType\", \"b\".\"Width\"
    FROM \"BaseItems\" AS \"b\"
    WHERE \"b\".\"Id\" = @__id_0
    LIMIT 1
) AS \"b4\"
LEFT JOIN \"BaseItemTrailerTypes\" AS \"b0\" ON \"b4\".\"Id\" = \"b0\".\"ItemId\"
LEFT JOIN \"BaseItemProviders\" AS \"b1\" ON \"b4\".\"Id\" = \"b1\".\"ItemId\"
LEFT JOIN \"BaseItemMetadataFields\" AS \"b2\" ON \"b4\".\"Id\" = \"b2\".\"ItemId\"
LEFT JOIN \"UserData\" AS \"u\" ON \"b4\".\"Id\" = \"u\".\"ItemId\"
LEFT JOIN \"BaseItemImageInfos\" AS \"b3\" ON \"b4\".\"Id\" = \"b3\".\"ItemId\"
ORDER BY \"b4\".\"Id\", \"b0\".\"Id\", \"b0\".\"ItemId\", \"b1\".\"ItemId\", \"b1\".\"ProviderId\", \"b2\".\"Id\", \"b2\".\"ItemId\", \"u\".\"ItemId\", \"u\".\"UserId\", \"u\".\"CustomDataKey\""
[2025-11-08 21:14:38.573 +00:00] [INF] [8] Microsoft.EntityFrameworkCore.Database.Command: Executed DbCommand ("0"ms) [Parameters=["@__filter_ParentId_0='?' (DbType = Guid)"], CommandType='Text', CommandTimeout='30']"
""SELECT \"b0\".\"Id\", \"b0\".\"Album\", \"b0\".\"AlbumArtists\", \"b0\".\"Artists\", \"b0\".\"Audio\", \"b0\".\"ChannelId\", \"b0\".\"CleanName\", \"b0\".\"CommunityRating\", \"b0\".\"CriticRating\", \"b0\".\"CustomRating\", \"b0\".\"Data\", \"b0\".\"DateCreated\", \"b0\".\"DateLastMediaAdded\", \"b0\".\"DateLastRefreshed\", \"b0\".\"DateLastSaved\", \"b0\".\"DateModified\", \"b0\".\"EndDate\", \"b0\".\"EpisodeTitle\", \"b0\".\"ExternalId\", \"b0\".\"ExternalSeriesId\", \"b0\".\"ExternalServiceId\", \"b0\".\"ExtraIds\", \"b0\".\"ExtraType\", \"b0\".\"ForcedSortName\", \"b0\".\"Genres\", \"b0\".\"Height\", \"b0\".\"IndexNumber\", \"b0\".\"InheritedParentalRatingSubValue\", \"b0\".\"InheritedParentalRatingValue\", \"b0\".\"IsFolder\", \"b0\".\"IsInMixedFolder\", \"b0\".\"IsLocked\", \"b0\".\"IsMovie\", \"b0\".\"IsRepeat\", \"b0\".\"IsSeries\", \"b0\".\"IsVirtualItem\", \"b0\".\"LUFS\", \"b0\".\"MediaType\", \"b0\".\"Name\", \"b0\".\"NormalizationGain\", \"b0\".\"OfficialRating\", \"b0\".\"OriginalTitle\", \"b0\".\"Overview\", \"b0\".\"OwnerId\", \"b0\".\"ParentId\", \"b0\".\"ParentIndexNumber\", \"b0\".\"Path\", \"b0\".\"PreferredMetadataCountryCode\", \"b0\".\"PreferredMetadataLanguage\", \"b0\".\"PremiereDate\", \"b0\".\"PresentationUniqueKey\", \"b0\".\"PrimaryVersionId\", \"b0\".\"ProductionLocations\", \"b0\".\"ProductionYear\", \"b0\".\"RunTimeTicks\", \"b0\".\"SeasonId\", \"b0\".\"SeasonName\", \"b0\".\"SeriesId\", \"b0\".\"SeriesName\", \"b0\".\"SeriesPresentationUniqueKey\", \"b0\".\"ShowId\", \"b0\".\"Size\", \"b0\".\"SortName\", \"b0\".\"StartDate\", \"b0\".\"Studios\", \"b0\".\"Tagline\", \"b0\".\"Tags\", \"b0\".\"TopParentId\", \"b0\".\"TotalBitrate\", \"b0\".\"Type\", \"b0\".\"UnratedType\", \"b0\".\"Width\", \"b1\".\"Id\", \"b1\".\"ItemId\", \"b2\".\"ItemId\", \"b2\".\"ProviderId\", \"b2\".\"ProviderValue\", \"b3\".\"Id\", \"b3\".\"ItemId\", \"u\".\"ItemId\", \"u\".\"UserId\", \"u\".\"CustomDataKey\", \"u\".\"AudioStreamIndex\", \"u\".\"IsFavorite\", \"u\".\"LastPlayedDate\", \"u\".\"Likes\", \"u\".\"PlayCount\", \"u\".\"PlaybackPositionTicks\", \"u\".\"Played\", \"u\".\"Rating\", \"u\".\"RetentionDate\", \"u\".\"SubtitleStreamIndex\", \"b4\".\"Id\", \"b4\".\"Blurhash\", \"b4\".\"DateModified\", \"b4\".\"Height\", \"b4\".\"ImageType\", \"b4\".\"ItemId\", \"b4\".\"Path\", \"b4\".\"Width\"
FROM (
    SELECT DISTINCT \"b\".\"Id\", \"b\".\"Album\", \"b\".\"AlbumArtists\", \"b\".\"Artists\", \"b\".\"Audio\", \"b\".\"ChannelId\", \"b\".\"CleanName\", \"b\".\"CommunityRating\", \"b\".\"CriticRating\", \"b\".\"CustomRating\", \"b\".\"Data\", \"b\".\"DateCreated\", \"b\".\"DateLastMediaAdded\", \"b\".\"DateLastRefreshed\", \"b\".\"DateLastSaved\", \"b\".\"DateModified\", \"b\".\"EndDate\", \"b\".\"EpisodeTitle\", \"b\".\"ExternalId\", \"b\".\"ExternalSeriesId\", \"b\".\"ExternalServiceId\", \"b\".\"ExtraIds\", \"b\".\"ExtraType\", \"b\".\"ForcedSortName\", \"b\".\"Genres\", \"b\".\"Height\", \"b\".\"IndexNumber\", \"b\".\"InheritedParentalRatingSubValue\", \"b\".\"InheritedParentalRatingValue\", \"b\".\"IsFolder\", \"b\".\"IsInMixedFolder\", \"b\".\"IsLocked\", \"b\".\"IsMovie\", \"b\".\"IsRepeat\", \"b\".\"IsSeries\", \"b\".\"IsVirtualItem\", \"b\".\"LUFS\", \"b\".\"MediaType\", \"b\".\"Name\", \"b\".\"NormalizationGain\", \"b\".\"OfficialRating\", \"b\".\"OriginalTitle\", \"b\".\"Overview\", \"b\".\"OwnerId\", \"b\".\"ParentId\", \"b\".\"ParentIndexNumber\", \"b\".\"Path\", \"b\".\"PreferredMetadataCountryCode\", \"b\".\"PreferredMetadataLanguage\", \"b\".\"PremiereDate\", \"b\".\"PresentationUniqueKey\", \"b\".\"PrimaryVersionId\", \"b\".\"ProductionLocations\", \"b\".\"ProductionYear\", \"b\".\"RunTimeTicks\", \"b\".\"SeasonId\", \"b\".\"SeasonName\", \"b\".\"SeriesId\", \"b\".\"SeriesName\", \"b\".\"SeriesPresentationUniqueKey\", \"b\".\"ShowId\", \"b\".\"Size\", \"b\".\"SortName\", \"b\".\"StartDate\", \"b\".\"Studios\", \"b\".\"Tagline\", \"b\".\"Tags\", \"b\".\"TopParentId\", \"b\".\"TotalBitrate\", \"b\".\"Type\", \"b\".\"UnratedType\", \"b\".\"Width\"
    FROM \"BaseItems\" AS \"b\"
    WHERE \"b\".\"ParentId\" = @__filter_ParentId_0
) AS \"b0\"
LEFT JOIN \"BaseItemTrailerTypes\" AS \"b1\" ON \"b0\".\"Id\" = \"b1\".\"ItemId\"
LEFT JOIN \"BaseItemProviders\" AS \"b2\" ON \"b0\".\"Id\" = \"b2\".\"ItemId\"
LEFT JOIN \"BaseItemMetadataFields\" AS \"b3\" ON \"b0\".\"Id\" = \"b3\".\"ItemId\"
LEFT JOIN \"UserData\" AS \"u\" ON \"b0\".\"Id\" = \"u\".\"ItemId\"
LEFT JOIN \"BaseItemImageInfos\" AS \"b4\" ON \"b0\".\"Id\" = \"b4\".\"ItemId\"
ORDER BY \"b0\".\"SortName\", \"b0\".\"Id\", \"b1\".\"Id\", \"b1\".\"ItemId\", \"b2\".\"ItemId\", \"b2\".\"ProviderId\", \"b3\".\"Id\", \"b3\".\"ItemId\", \"u\".\"ItemId\", \"u\".\"UserId\", \"u\".\"CustomDataKey\""
[2025-11-08 21:14:38.833 +00:00] [WRN] [8] Microsoft.AspNetCore.StaticFiles.StaticFileMiddleware: The WebRootPath was not found: "/wwwroot". Static files may be unavailable.
[2025-11-08 21:14:38.837 +00:00] [INF] [8] Microsoft.Hosting.Lifetime: Now listening on: "http://0.0.0.0:8096"
[2025-11-08 21:14:38.837 +00:00] [INF] [8] Microsoft.Hosting.Lifetime: Application started. Press Ctrl+C to shut down.
[2025-11-08 21:14:38.837 +00:00] [INF] [8] Microsoft.Hosting.Lifetime: Hosting environment: "Production"
[2025-11-08 21:14:38.837 +00:00] [INF] [8] Microsoft.Hosting.Lifetime: Content root path: "/"
[2025-11-08 21:14:38.840 +00:00] [INF] [8] Microsoft.EntityFrameworkCore.Database.Command: Executed DbCommand ("0"ms) [Parameters=["@__id_0='?' (DbType = Guid)"], CommandType='Text', CommandTimeout='30']"
""SELECT \"b4\".\"Id\", \"b4\".\"Album\", \"b4\".\"AlbumArtists\", \"b4\".\"Artists\", \"b4\".\"Audio\", \"b4\".\"ChannelId\", \"b4\".\"CleanName\", \"b4\".\"CommunityRating\", \"b4\".\"CriticRating\", \"b4\".\"CustomRating\", \"b4\".\"Data\", \"b4\".\"DateCreated\", \"b4\".\"DateLastMediaAdded\", \"b4\".\"DateLastRefreshed\", \"b4\".\"DateLastSaved\", \"b4\".\"DateModified\", \"b4\".\"EndDate\", \"b4\".\"EpisodeTitle\", \"b4\".\"ExternalId\", \"b4\".\"ExternalSeriesId\", \"b4\".\"ExternalServiceId\", \"b4\".\"ExtraIds\", \"b4\".\"ExtraType\", \"b4\".\"ForcedSortName\", \"b4\".\"Genres\", \"b4\".\"Height\", \"b4\".\"IndexNumber\", \"b4\".\"InheritedParentalRatingSubValue\", \"b4\".\"InheritedParentalRatingValue\", \"b4\".\"IsFolder\", \"b4\".\"IsInMixedFolder\", \"b4\".\"IsLocked\", \"b4\".\"IsMovie\", \"b4\".\"IsRepeat\", \"b4\".\"IsSeries\", \"b4\".\"IsVirtualItem\", \"b4\".\"LUFS\", \"b4\".\"MediaType\", \"b4\".\"Name\", \"b4\".\"NormalizationGain\", \"b4\".\"OfficialRating\", \"b4\".\"OriginalTitle\", \"b4\".\"Overview\", \"b4\".\"OwnerId\", \"b4\".\"ParentId\", \"b4\".\"ParentIndexNumber\", \"b4\".\"Path\", \"b4\".\"PreferredMetadataCountryCode\", \"b4\".\"PreferredMetadataLanguage\", \"b4\".\"PremiereDate\", \"b4\".\"PresentationUniqueKey\", \"b4\".\"PrimaryVersionId\", \"b4\".\"ProductionLocations\", \"b4\".\"ProductionYear\", \"b4\".\"RunTimeTicks\", \"b4\".\"SeasonId\", \"b4\".\"SeasonName\", \"b4\".\"SeriesId\", \"b4\".\"SeriesName\", \"b4\".\"SeriesPresentationUniqueKey\", \"b4\".\"ShowId\", \"b4\".\"Size\", \"b4\".\"SortName\", \"b4\".\"StartDate\", \"b4\".\"Studios\", \"b4\".\"Tagline\", \"b4\".\"Tags\", \"b4\".\"TopParentId\", \"b4\".\"TotalBitrate\", \"b4\".\"Type\", \"b4\".\"UnratedType\", \"b4\".\"Width\", \"b0\".\"Id\", \"b0\".\"ItemId\", \"b1\".\"ItemId\", \"b1\".\"ProviderId\", \"b1\".\"ProviderValue\", \"b2\".\"Id\", \"b2\".\"ItemId\", \"u\".\"ItemId\", \"u\".\"UserId\", \"u\".\"CustomDataKey\", \"u\".\"AudioStreamIndex\", \"u\".\"IsFavorite\", \"u\".\"LastPlayedDate\", \"u\".\"Likes\", \"u\".\"PlayCount\", \"u\".\"PlaybackPositionTicks\", \"u\".\"Played\", \"u\".\"Rating\", \"u\".\"RetentionDate\", \"u\".\"SubtitleStreamIndex\", \"b3\".\"Id\", \"b3\".\"Blurhash\", \"b3\".\"DateModified\", \"b3\".\"Height\", \"b3\".\"ImageType\", \"b3\".\"ItemId\", \"b3\".\"Path\", \"b3\".\"Width\"
FROM (
    SELECT \"b\".\"Id\", \"b\".\"Album\", \"b\".\"AlbumArtists\", \"b\".\"Artists\", \"b\".\"Audio\", \"b\".\"ChannelId\", \"b\".\"CleanName\", \"b\".\"CommunityRating\", \"b\".\"CriticRating\", \"b\".\"CustomRating\", \"b\".\"Data\", \"b\".\"DateCreated\", \"b\".\"DateLastMediaAdded\", \"b\".\"DateLastRefreshed\", \"b\".\"DateLastSaved\", \"b\".\"DateModified\", \"b\".\"EndDate\", \"b\".\"EpisodeTitle\", \"b\".\"ExternalId\", \"b\".\"ExternalSeriesId\", \"b\".\"ExternalServiceId\", \"b\".\"ExtraIds\", \"b\".\"ExtraType\", \"b\".\"ForcedSortName\", \"b\".\"Genres\", \"b\".\"Height\", \"b\".\"IndexNumber\", \"b\".\"InheritedParentalRatingSubValue\", \"b\".\"InheritedParentalRatingValue\", \"b\".\"IsFolder\", \"b\".\"IsInMixedFolder\", \"b\".\"IsLocked\", \"b\".\"IsMovie\", \"b\".\"IsRepeat\", \"b\".\"IsSeries\", \"b\".\"IsVirtualItem\", \"b\".\"LUFS\", \"b\".\"MediaType\", \"b\".\"Name\", \"b\".\"NormalizationGain\", \"b\".\"OfficialRating\", \"b\".\"OriginalTitle\", \"b\".\"Overview\", \"b\".\"OwnerId\", \"b\".\"ParentId\", \"b\".\"ParentIndexNumber\", \"b\".\"Path\", \"b\".\"PreferredMetadataCountryCode\", \"b\".\"PreferredMetadataLanguage\", \"b\".\"PremiereDate\", \"b\".\"PresentationUniqueKey\", \"b\".\"PrimaryVersionId\", \"b\".\"ProductionLocations\", \"b\".\"ProductionYear\", \"b\".\"RunTimeTicks\", \"b\".\"SeasonId\", \"b\".\"SeasonName\", \"b\".\"SeriesId\", \"b\".\"SeriesName\", \"b\".\"SeriesPresentationUniqueKey\", \"b\".\"ShowId\", \"b\".\"Size\", \"b\".\"SortName\", \"b\".\"StartDate\", \"b\".\"Studios\", \"b\".\"Tagline\", \"b\".\"Tags\", \"b\".\"TopParentId\", \"b\".\"TotalBitrate\", \"b\".\"Type\", \"b\".\"UnratedType\", \"b\".\"Width\"
    FROM \"BaseItems\" AS \"b\"
    WHERE \"b\".\"Id\" = @__id_0
    LIMIT 1
) AS \"b4\"
LEFT JOIN \"BaseItemTrailerTypes\" AS \"b0\" ON \"b4\".\"Id\" = \"b0\".\"ItemId\"
LEFT JOIN \"BaseItemProviders\" AS \"b1\" ON \"b4\".\"Id\" = \"b1\".\"ItemId\"
LEFT JOIN \"BaseItemMetadataFields\" AS \"b2\" ON \"b4\".\"Id\" = \"b2\".\"ItemId\"
LEFT JOIN \"UserData\" AS \"u\" ON \"b4\".\"Id\" = \"u\".\"ItemId\"
LEFT JOIN \"BaseItemImageInfos\" AS \"b3\" ON \"b4\".\"Id\" = \"b3\".\"ItemId\"
ORDER BY \"b4\".\"Id\", \"b0\".\"Id\", \"b0\".\"ItemId\", \"b1\".\"ItemId\", \"b1\".\"ProviderId\", \"b2\".\"Id\", \"b2\".\"ItemId\", \"u\".\"ItemId\", \"u\".\"UserId\", \"u\".\"CustomDataKey\""
[2025-11-08 21:14:38.846 +00:00] [INF] [8] Microsoft.EntityFrameworkCore.Database.Command: Executed DbCommand ("0"ms) [Parameters=["@__id_0='?' (DbType = Guid)"], CommandType='Text', CommandTimeout='30']"
""SELECT \"b4\".\"Id\", \"b4\".\"Album\", \"b4\".\"AlbumArtists\", \"b4\".\"Artists\", \"b4\".\"Audio\", \"b4\".\"ChannelId\", \"b4\".\"CleanName\", \"b4\".\"CommunityRating\", \"b4\".\"CriticRating\", \"b4\".\"CustomRating\", \"b4\".\"Data\", \"b4\".\"DateCreated\", \"b4\".\"DateLastMediaAdded\", \"b4\".\"DateLastRefreshed\", \"b4\".\"DateLastSaved\", \"b4\".\"DateModified\", \"b4\".\"EndDate\", \"b4\".\"EpisodeTitle\", \"b4\".\"ExternalId\", \"b4\".\"ExternalSeriesId\", \"b4\".\"ExternalServiceId\", \"b4\".\"ExtraIds\", \"b4\".\"ExtraType\", \"b4\".\"ForcedSortName\", \"b4\".\"Genres\", \"b4\".\"Height\", \"b4\".\"IndexNumber\", \"b4\".\"InheritedParentalRatingSubValue\", \"b4\".\"InheritedParentalRatingValue\", \"b4\".\"IsFolder\", \"b4\".\"IsInMixedFolder\", \"b4\".\"IsLocked\", \"b4\".\"IsMovie\", \"b4\".\"IsRepeat\", \"b4\".\"IsSeries\", \"b4\".\"IsVirtualItem\", \"b4\".\"LUFS\", \"b4\".\"MediaType\", \"b4\".\"Name\", \"b4\".\"NormalizationGain\", \"b4\".\"OfficialRating\", \"b4\".\"OriginalTitle\", \"b4\".\"Overview\", \"b4\".\"OwnerId\", \"b4\".\"ParentId\", \"b4\".\"ParentIndexNumber\", \"b4\".\"Path\", \"b4\".\"PreferredMetadataCountryCode\", \"b4\".\"PreferredMetadataLanguage\", \"b4\".\"PremiereDate\", \"b4\".\"PresentationUniqueKey\", \"b4\".\"PrimaryVersionId\", \"b4\".\"ProductionLocations\", \"b4\".\"ProductionYear\", \"b4\".\"RunTimeTicks\", \"b4\".\"SeasonId\", \"b4\".\"SeasonName\", \"b4\".\"SeriesId\", \"b4\".\"SeriesName\", \"b4\".\"SeriesPresentationUniqueKey\", \"b4\".\"ShowId\", \"b4\".\"Size\", \"b4\".\"SortName\", \"b4\".\"StartDate\", \"b4\".\"Studios\", \"b4\".\"Tagline\", \"b4\".\"Tags\", \"b4\".\"TopParentId\", \"b4\".\"TotalBitrate\", \"b4\".\"Type\", \"b4\".\"UnratedType\", \"b4\".\"Width\", \"b0\".\"Id\", \"b0\".\"ItemId\", \"b1\".\"ItemId\", \"b1\".\"ProviderId\", \"b1\".\"ProviderValue\", \"b2\".\"Id\", \"b2\".\"ItemId\", \"u\".\"ItemId\", \"u\".\"UserId\", \"u\".\"CustomDataKey\", \"u\".\"AudioStreamIndex\", \"u\".\"IsFavorite\", \"u\".\"LastPlayedDate\", \"u\".\"Likes\", \"u\".\"PlayCount\", \"u\".\"PlaybackPositionTicks\", \"u\".\"Played\", \"u\".\"Rating\", \"u\".\"RetentionDate\", \"u\".\"SubtitleStreamIndex\", \"b3\".\"Id\", \"b3\".\"Blurhash\", \"b3\".\"DateModified\", \"b3\".\"Height\", \"b3\".\"ImageType\", \"b3\".\"ItemId\", \"b3\".\"Path\", \"b3\".\"Width\"
FROM (
    SELECT \"b\".\"Id\", \"b\".\"Album\", \"b\".\"AlbumArtists\", \"b\".\"Artists\", \"b\".\"Audio\", \"b\".\"ChannelId\", \"b\".\"CleanName\", \"b\".\"CommunityRating\", \"b\".\"CriticRating\", \"b\".\"CustomRating\", \"b\".\"Data\", \"b\".\"DateCreated\", \"b\".\"DateLastMediaAdded\", \"b\".\"DateLastRefreshed\", \"b\".\"DateLastSaved\", \"b\".\"DateModified\", \"b\".\"EndDate\", \"b\".\"EpisodeTitle\", \"b\".\"ExternalId\", \"b\".\"ExternalSeriesId\", \"b\".\"ExternalServiceId\", \"b\".\"ExtraIds\", \"b\".\"ExtraType\", \"b\".\"ForcedSortName\", \"b\".\"Genres\", \"b\".\"Height\", \"b\".\"IndexNumber\", \"b\".\"InheritedParentalRatingSubValue\", \"b\".\"InheritedParentalRatingValue\", \"b\".\"IsFolder\", \"b\".\"IsInMixedFolder\", \"b\".\"IsLocked\", \"b\".\"IsMovie\", \"b\".\"IsRepeat\", \"b\".\"IsSeries\", \"b\".\"IsVirtualItem\", \"b\".\"LUFS\", \"b\".\"MediaType\", \"b\".\"Name\", \"b\".\"NormalizationGain\", \"b\".\"OfficialRating\", \"b\".\"OriginalTitle\", \"b\".\"Overview\", \"b\".\"OwnerId\", \"b\".\"ParentId\", \"b\".\"ParentIndexNumber\", \"b\".\"Path\", \"b\".\"PreferredMetadataCountryCode\", \"b\".\"PreferredMetadataLanguage\", \"b\".\"PremiereDate\", \"b\".\"PresentationUniqueKey\", \"b\".\"PrimaryVersionId\", \"b\".\"ProductionLocations\", \"b\".\"ProductionYear\", \"b\".\"RunTimeTicks\", \"b\".\"SeasonId\", \"b\".\"SeasonName\", \"b\".\"SeriesId\", \"b\".\"SeriesName\", \"b\".\"SeriesPresentationUniqueKey\", \"b\".\"ShowId\", \"b\".\"Size\", \"b\".\"SortName\", \"b\".\"StartDate\", \"b\".\"Studios\", \"b\".\"Tagline\", \"b\".\"Tags\", \"b\".\"TopParentId\", \"b\".\"TotalBitrate\", \"b\".\"Type\", \"b\".\"UnratedType\", \"b\".\"Width\"
    FROM \"BaseItems\" AS \"b\"
    WHERE \"b\".\"Id\" = @__id_0
    LIMIT 1
) AS \"b4\"
LEFT JOIN \"BaseItemTrailerTypes\" AS \"b0\" ON \"b4\".\"Id\" = \"b0\".\"ItemId\"
LEFT JOIN \"BaseItemProviders\" AS \"b1\" ON \"b4\".\"Id\" = \"b1\".\"ItemId\"
LEFT JOIN \"BaseItemMetadataFields\" AS \"b2\" ON \"b4\".\"Id\" = \"b2\".\"ItemId\"
LEFT JOIN \"UserData\" AS \"u\" ON \"b4\".\"Id\" = \"u\".\"ItemId\"
LEFT JOIN \"BaseItemImageInfos\" AS \"b3\" ON \"b4\".\"Id\" = \"b3\".\"ItemId\"
ORDER BY \"b4\".\"Id\", \"b0\".\"Id\", \"b0\".\"ItemId\", \"b1\".\"ItemId\", \"b1\".\"ProviderId\", \"b2\".\"Id\", \"b2\".\"ItemId\", \"u\".\"ItemId\", \"u\".\"UserId\", \"u\".\"CustomDataKey\""
[2025-11-08 21:14:38.848 +00:00] [INF] [8] Microsoft.EntityFrameworkCore.Database.Command: Executed DbCommand ("0"ms) [Parameters=["@__filter_ParentId_0='?' (DbType = Guid)"], CommandType='Text', CommandTimeout='30']"
""SELECT \"b0\".\"Id\", \"b0\".\"Album\", \"b0\".\"AlbumArtists\", \"b0\".\"Artists\", \"b0\".\"Audio\", \"b0\".\"ChannelId\", \"b0\".\"CleanName\", \"b0\".\"CommunityRating\", \"b0\".\"CriticRating\", \"b0\".\"CustomRating\", \"b0\".\"Data\", \"b0\".\"DateCreated\", \"b0\".\"DateLastMediaAdded\", \"b0\".\"DateLastRefreshed\", \"b0\".\"DateLastSaved\", \"b0\".\"DateModified\", \"b0\".\"EndDate\", \"b0\".\"EpisodeTitle\", \"b0\".\"ExternalId\", \"b0\".\"ExternalSeriesId\", \"b0\".\"ExternalServiceId\", \"b0\".\"ExtraIds\", \"b0\".\"ExtraType\", \"b0\".\"ForcedSortName\", \"b0\".\"Genres\", \"b0\".\"Height\", \"b0\".\"IndexNumber\", \"b0\".\"InheritedParentalRatingSubValue\", \"b0\".\"InheritedParentalRatingValue\", \"b0\".\"IsFolder\", \"b0\".\"IsInMixedFolder\", \"b0\".\"IsLocked\", \"b0\".\"IsMovie\", \"b0\".\"IsRepeat\", \"b0\".\"IsSeries\", \"b0\".\"IsVirtualItem\", \"b0\".\"LUFS\", \"b0\".\"MediaType\", \"b0\".\"Name\", \"b0\".\"NormalizationGain\", \"b0\".\"OfficialRating\", \"b0\".\"OriginalTitle\", \"b0\".\"Overview\", \"b0\".\"OwnerId\", \"b0\".\"ParentId\", \"b0\".\"ParentIndexNumber\", \"b0\".\"Path\", \"b0\".\"PreferredMetadataCountryCode\", \"b0\".\"PreferredMetadataLanguage\", \"b0\".\"PremiereDate\", \"b0\".\"PresentationUniqueKey\", \"b0\".\"PrimaryVersionId\", \"b0\".\"ProductionLocations\", \"b0\".\"ProductionYear\", \"b0\".\"RunTimeTicks\", \"b0\".\"SeasonId\", \"b0\".\"SeasonName\", \"b0\".\"SeriesId\", \"b0\".\"SeriesName\", \"b0\".\"SeriesPresentationUniqueKey\", \"b0\".\"ShowId\", \"b0\".\"Size\", \"b0\".\"SortName\", \"b0\".\"StartDate\", \"b0\".\"Studios\", \"b0\".\"Tagline\", \"b0\".\"Tags\", \"b0\".\"TopParentId\", \"b0\".\"TotalBitrate\", \"b0\".\"Type\", \"b0\".\"UnratedType\", \"b0\".\"Width\", \"b1\".\"Id\", \"b1\".\"ItemId\", \"b2\".\"ItemId\", \"b2\".\"ProviderId\", \"b2\".\"ProviderValue\", \"b3\".\"Id\", \"b3\".\"ItemId\", \"u\".\"ItemId\", \"u\".\"UserId\", \"u\".\"CustomDataKey\", \"u\".\"AudioStreamIndex\", \"u\".\"IsFavorite\", \"u\".\"LastPlayedDate\", \"u\".\"Likes\", \"u\".\"PlayCount\", \"u\".\"PlaybackPositionTicks\", \"u\".\"Played\", \"u\".\"Rating\", \"u\".\"RetentionDate\", \"u\".\"SubtitleStreamIndex\", \"b4\".\"Id\", \"b4\".\"Blurhash\", \"b4\".\"DateModified\", \"b4\".\"Height\", \"b4\".\"ImageType\", \"b4\".\"ItemId\", \"b4\".\"Path\", \"b4\".\"Width\"
FROM (
    SELECT DISTINCT \"b\".\"Id\", \"b\".\"Album\", \"b\".\"AlbumArtists\", \"b\".\"Artists\", \"b\".\"Audio\", \"b\".\"ChannelId\", \"b\".\"CleanName\", \"b\".\"CommunityRating\", \"b\".\"CriticRating\", \"b\".\"CustomRating\", \"b\".\"Data\", \"b\".\"DateCreated\", \"b\".\"DateLastMediaAdded\", \"b\".\"DateLastRefreshed\", \"b\".\"DateLastSaved\", \"b\".\"DateModified\", \"b\".\"EndDate\", \"b\".\"EpisodeTitle\", \"b\".\"ExternalId\", \"b\".\"ExternalSeriesId\", \"b\".\"ExternalServiceId\", \"b\".\"ExtraIds\", \"b\".\"ExtraType\", \"b\".\"ForcedSortName\", \"b\".\"Genres\", \"b\".\"Height\", \"b\".\"IndexNumber\", \"b\".\"InheritedParentalRatingSubValue\", \"b\".\"InheritedParentalRatingValue\", \"b\".\"IsFolder\", \"b\".\"IsInMixedFolder\", \"b\".\"IsLocked\", \"b\".\"IsMovie\", \"b\".\"IsRepeat\", \"b\".\"IsSeries\", \"b\".\"IsVirtualItem\", \"b\".\"LUFS\", \"b\".\"MediaType\", \"b\".\"Name\", \"b\".\"NormalizationGain\", \"b\".\"OfficialRating\", \"b\".\"OriginalTitle\", \"b\".\"Overview\", \"b\".\"OwnerId\", \"b\".\"ParentId\", \"b\".\"ParentIndexNumber\", \"b\".\"Path\", \"b\".\"PreferredMetadataCountryCode\", \"b\".\"PreferredMetadataLanguage\", \"b\".\"PremiereDate\", \"b\".\"PresentationUniqueKey\", \"b\".\"PrimaryVersionId\", \"b\".\"ProductionLocations\", \"b\".\"ProductionYear\", \"b\".\"RunTimeTicks\", \"b\".\"SeasonId\", \"b\".\"SeasonName\", \"b\".\"SeriesId\", \"b\".\"SeriesName\", \"b\".\"SeriesPresentationUniqueKey\", \"b\".\"ShowId\", \"b\".\"Size\", \"b\".\"SortName\", \"b\".\"StartDate\", \"b\".\"Studios\", \"b\".\"Tagline\", \"b\".\"Tags\", \"b\".\"TopParentId\", \"b\".\"TotalBitrate\", \"b\".\"Type\", \"b\".\"UnratedType\", \"b\".\"Width\"
    FROM \"BaseItems\" AS \"b\"
    WHERE \"b\".\"ParentId\" = @__filter_ParentId_0
) AS \"b0\"
LEFT JOIN \"BaseItemTrailerTypes\" AS \"b1\" ON \"b0\".\"Id\" = \"b1\".\"ItemId\"
LEFT JOIN \"BaseItemProviders\" AS \"b2\" ON \"b0\".\"Id\" = \"b2\".\"ItemId\"
LEFT JOIN \"BaseItemMetadataFields\" AS \"b3\" ON \"b0\".\"Id\" = \"b3\".\"ItemId\"
LEFT JOIN \"UserData\" AS \"u\" ON \"b0\".\"Id\" = \"u\".\"ItemId\"
LEFT JOIN \"BaseItemImageInfos\" AS \"b4\" ON \"b0\".\"Id\" = \"b4\".\"ItemId\"
ORDER BY \"b0\".\"SortName\", \"b0\".\"Id\", \"b1\".\"Id\", \"b1\".\"ItemId\", \"b2\".\"ItemId\", \"b2\".\"ProviderId\", \"b3\".\"Id\", \"b3\".\"ItemId\", \"u\".\"ItemId\", \"u\".\"UserId\", \"u\".\"CustomDataKey\""
[2025-11-08 21:14:38.851 +00:00] [INF] [8] Emby.Server.Implementations.ApplicationHost: Running startup tasks
[2025-11-08 21:14:38.852 +00:00] [INF] [6] Emby.Server.Implementations.IO.LibraryMonitor: Watching directory "/mnt/symlib/tv"
[2025-11-08 21:14:38.862 +00:00] [INF] [8] Emby.Server.Implementations.ScheduledTasks.TaskManager: Daily trigger for "Generate Trickplay Images" set to fire at 2025-11-09 03:00:00.000 +00:00, which is 05:45:21.1373037 from now.
[2025-11-08 21:14:38.865 +00:00] [INF] [8] Emby.Server.Implementations.ScheduledTasks.TaskManager: Daily trigger for "Extract Chapter Images" set to fire at 2025-11-09 02:00:00.000 +00:00, which is 04:45:21.1344728 from now.
[2025-11-08 21:14:38.925 +00:00] [INF] [8] MediaBrowser.MediaEncoding.Encoder.MediaEncoder: Found ffmpeg version "7.1.2"
[2025-11-08 21:14:38.989 +00:00] [INF] [8] MediaBrowser.MediaEncoding.Encoder.MediaEncoder: Available "decoders": ["libdav1d", "av1", "av1_cuvid", "av1_qsv", "h264", "h264_qsv", "h264_cuvid", "hevc", "hevc_qsv", "hevc_cuvid", "mpeg2video", "mpeg2_qsv", "mpeg2_cuvid", "mpeg4", "mpeg4_cuvid", "msmpeg4", "vc1_qsv", "vc1_cuvid", "vp8", "libvpx", "vp8_cuvid", "vp8_qsv", "vp9", "libvpx-vp9", "vp9_cuvid", "vp9_qsv", "aac", "ac3", "dca", "flac", "mp3", "truehd"]
[2025-11-08 21:14:39.043 +00:00] [INF] [8] MediaBrowser.MediaEncoding.Encoder.MediaEncoder: Available "encoders": ["libsvtav1", "av1_nvenc", "av1_qsv", "av1_vaapi", "libx264", "h264_nvenc", "h264_qsv", "h264_v4l2m2m", "h264_vaapi", "libx265", "hevc_nvenc", "hevc_qsv", "hevc_vaapi", "mjpeg_qsv", "mjpeg_vaapi", "aac", "ac3", "alac", "dca", "flac", "libmp3lame", "libopus", "truehd", "libvorbis", "srt"]
[2025-11-08 21:14:39.096 +00:00] [INF] [8] MediaBrowser.MediaEncoding.Encoder.MediaEncoder: Available filters: ["bwdif_cuda", "deinterlace_qsv", "deinterlace_vaapi", "flip_vulkan", "hwupload_cuda", "libplacebo", "overlay_opencl", "overlay_qsv", "overlay_vaapi", "overlay_vulkan", "overlay_cuda", "procamp_vaapi", "scale_cuda", "scale_qsv", "scale_vaapi", "scale_vulkan", "tonemap_opencl", "tonemap_vaapi", "transpose_opencl", "transpose_vaapi", "transpose_vulkan", "vpp_qsv", "yadif_cuda", "zscale"]
[2025-11-08 21:14:39.201 +00:00] [WRN] [8] MediaBrowser.MediaEncoding.Encoder.MediaEncoder: Filter: "tonemap_cuda" with option "GPU accelerated HDR to SDR tonemapping" is not available
[2025-11-08 21:14:39.869 +00:00] [INF] [8] MediaBrowser.MediaEncoding.Encoder.MediaEncoder: Available hwaccel types: ["vdpau", "cuda", "vaapi", "qsv", "drm", "opencl", "vulkan"]
[2025-11-08 21:14:41.294 +00:00] [INF] [8] MediaBrowser.MediaEncoding.Encoder.MediaEncoder: FFmpeg: "/usr/bin/ffmpeg"
[2025-11-08 21:14:41.295 +00:00] [INF] [8] Emby.Server.Implementations.ApplicationHost: ServerId: "7cc99ab2c5454933bdd91f1d2abef542"
[2025-11-08 21:14:41.295 +00:00] [INF] [8] Emby.Server.Implementations.ApplicationHost: Core startup complete
[2025-11-08 21:14:41.295 +00:00] [INF] [8] Main: Startup complete 0:00:04.5695693
[2025-11-08 21:14:41.750 +00:00] [INF] [6] Microsoft.AspNetCore.Hosting.Diagnostics: Request starting "HTTP/1.1" "GET" "http"://"localhost:8096""""/health""" - null null
[2025-11-08 21:14:41.850 +00:00] [INF] [6] Microsoft.AspNetCore.Routing.EndpointMiddleware: Executing endpoint '"Health checks"'
[2025-11-08 21:14:41.861 +00:00] [INF] [8] Microsoft.AspNetCore.Routing.EndpointMiddleware: Executed endpoint '"Health checks"'
[2025-11-08 21:14:41.864 +00:00] [INF] [8] Microsoft.AspNetCore.Hosting.Diagnostics: Request finished "HTTP/1.1" "GET" "http"://"localhost:8096""""/health""" - 200 null "text/plain" 114.7838ms
[2025-11-08 21:14:41.873 +00:00] [INF] [8] Emby.Server.Implementations.ScheduledTasks.TaskManager: "Clean Transcode Directory" Completed after 0 minute(s) and 0 seconds
[2025-11-08 21:14:41.873 +00:00] [INF] [18] Microsoft.EntityFrameworkCore.Database.Command: Executed DbCommand ("0"ms) [Parameters=["@__filter_ParentId_0='?' (DbType = Guid)"], CommandType='Text', CommandTimeout='30']"
""SELECT \"b0\".\"Id\", \"b0\".\"Album\", \"b0\".\"AlbumArtists\", \"b0\".\"Artists\", \"b0\".\"Audio\", \"b0\".\"ChannelId\", \"b0\".\"CleanName\", \"b0\".\"CommunityRating\", \"b0\".\"CriticRating\", \"b0\".\"CustomRating\", \"b0\".\"Data\", \"b0\".\"DateCreated\", \"b0\".\"DateLastMediaAdded\", \"b0\".\"DateLastRefreshed\", \"b0\".\"DateLastSaved\", \"b0\".\"DateModified\", \"b0\".\"EndDate\", \"b0\".\"EpisodeTitle\", \"b0\".\"ExternalId\", \"b0\".\"ExternalSeriesId\", \"b0\".\"ExternalServiceId\", \"b0\".\"ExtraIds\", \"b0\".\"ExtraType\", \"b0\".\"ForcedSortName\", \"b0\".\"Genres\", \"b0\".\"Height\", \"b0\".\"IndexNumber\", \"b0\".\"InheritedParentalRatingSubValue\", \"b0\".\"InheritedParentalRatingValue\", \"b0\".\"IsFolder\", \"b0\".\"IsInMixedFolder\", \"b0\".\"IsLocked\", \"b0\".\"IsMovie\", \"b0\".\"IsRepeat\", \"b0\".\"IsSeries\", \"b0\".\"IsVirtualItem\", \"b0\".\"LUFS\", \"b0\".\"MediaType\", \"b0\".\"Name\", \"b0\".\"NormalizationGain\", \"b0\".\"OfficialRating\", \"b0\".\"OriginalTitle\", \"b0\".\"Overview\", \"b0\".\"OwnerId\", \"b0\".\"ParentId\", \"b0\".\"ParentIndexNumber\", \"b0\".\"Path\", \"b0\".\"PreferredMetadataCountryCode\", \"b0\".\"PreferredMetadataLanguage\", \"b0\".\"PremiereDate\", \"b0\".\"PresentationUniqueKey\", \"b0\".\"PrimaryVersionId\", \"b0\".\"ProductionLocations\", \"b0\".\"ProductionYear\", \"b0\".\"RunTimeTicks\", \"b0\".\"SeasonId\", \"b0\".\"SeasonName\", \"b0\".\"SeriesId\", \"b0\".\"SeriesName\", \"b0\".\"SeriesPresentationUniqueKey\", \"b0\".\"ShowId\", \"b0\".\"Size\", \"b0\".\"SortName\", \"b0\".\"StartDate\", \"b0\".\"Studios\", \"b0\".\"Tagline\", \"b0\".\"Tags\", \"b0\".\"TopParentId\", \"b0\".\"TotalBitrate\", \"b0\".\"Type\", \"b0\".\"UnratedType\", \"b0\".\"Width\", \"b1\".\"Id\", \"b1\".\"ItemId\", \"b2\".\"ItemId\", \"b2\".\"ProviderId\", \"b2\".\"ProviderValue\", \"b3\".\"Id\", \"b3\".\"ItemId\", \"u\".\"ItemId\", \"u\".\"UserId\", \"u\".\"CustomDataKey\", \"u\".\"AudioStreamIndex\", \"u\".\"IsFavorite\", \"u\".\"LastPlayedDate\", \"u\".\"Likes\", \"u\".\"PlayCount\", \"u\".\"PlaybackPositionTicks\", \"u\".\"Played\", \"u\".\"Rating\", \"u\".\"RetentionDate\", \"u\".\"SubtitleStreamIndex\", \"b4\".\"Id\", \"b4\".\"Blurhash\", \"b4\".\"DateModified\", \"b4\".\"Height\", \"b4\".\"ImageType\", \"b4\".\"ItemId\", \"b4\".\"Path\", \"b4\".\"Width\"
FROM (
    SELECT DISTINCT \"b\".\"Id\", \"b\".\"Album\", \"b\".\"AlbumArtists\", \"b\".\"Artists\", \"b\".\"Audio\", \"b\".\"ChannelId\", \"b\".\"CleanName\", \"b\".\"CommunityRating\", \"b\".\"CriticRating\", \"b\".\"CustomRating\", \"b\".\"Data\", \"b\".\"DateCreated\", \"b\".\"DateLastMediaAdded\", \"b\".\"DateLastRefreshed\", \"b\".\"DateLastSaved\", \"b\".\"DateModified\", \"b\".\"EndDate\", \"b\".\"EpisodeTitle\", \"b\".\"ExternalId\", \"b\".\"ExternalSeriesId\", \"b\".\"ExternalServiceId\", \"b\".\"ExtraIds\", \"b\".\"ExtraType\", \"b\".\"ForcedSortName\", \"b\".\"Genres\", \"b\".\"Height\", \"b\".\"IndexNumber\", \"b\".\"InheritedParentalRatingSubValue\", \"b\".\"InheritedParentalRatingValue\", \"b\".\"IsFolder\", \"b\".\"IsInMixedFolder\", \"b\".\"IsLocked\", \"b\".\"IsMovie\", \"b\".\"IsRepeat\", \"b\".\"IsSeries\", \"b\".\"IsVirtualItem\", \"b\".\"LUFS\", \"b\".\"MediaType\", \"b\".\"Name\", \"b\".\"NormalizationGain\", \"b\".\"OfficialRating\", \"b\".\"OriginalTitle\", \"b\".\"Overview\", \"b\".\"OwnerId\", \"b\".\"ParentId\", \"b\".\"ParentIndexNumber\", \"b\".\"Path\", \"b\".\"PreferredMetadataCountryCode\", \"b\".\"PreferredMetadataLanguage\", \"b\".\"PremiereDate\", \"b\".\"PresentationUniqueKey\", \"b\".\"PrimaryVersionId\", \"b\".\"ProductionLocations\", \"b\".\"ProductionYear\", \"b\".\"RunTimeTicks\", \"b\".\"SeasonId\", \"b\".\"SeasonName\", \"b\".\"SeriesId\", \"b\".\"SeriesName\", \"b\".\"SeriesPresentationUniqueKey\", \"b\".\"ShowId\", \"b\".\"Size\", \"b\".\"SortName\", \"b\".\"StartDate\", \"b\".\"Studios\", \"b\".\"Tagline\", \"b\".\"Tags\", \"b\".\"TopParentId\", \"b\".\"TotalBitrate\", \"b\".\"Type\", \"b\".\"UnratedType\", \"b\".\"Width\"
    FROM \"BaseItems\" AS \"b\"
    WHERE \"b\".\"ParentId\" = @__filter_ParentId_0
) AS \"b0\"
LEFT JOIN \"BaseItemTrailerTypes\" AS \"b1\" ON \"b0\".\"Id\" = \"b1\".\"ItemId\"
LEFT JOIN \"BaseItemProviders\" AS \"b2\" ON \"b0\".\"Id\" = \"b2\".\"ItemId\"
LEFT JOIN \"BaseItemMetadataFields\" AS \"b3\" ON \"b0\".\"Id\" = \"b3\".\"ItemId\"
LEFT JOIN \"UserData\" AS \"u\" ON \"b0\".\"Id\" = \"u\".\"ItemId\"
LEFT JOIN \"BaseItemImageInfos\" AS \"b4\" ON \"b0\".\"Id\" = \"b4\".\"ItemId\"
ORDER BY \"b0\".\"SortName\", \"b0\".\"Id\", \"b1\".\"Id\", \"b1\".\"ItemId\", \"b2\".\"ItemId\", \"b2\".\"ProviderId\", \"b3\".\"Id\", \"b3\".\"ItemId\", \"u\".\"ItemId\", \"u\".\"UserId\", \"u\".\"CustomDataKey\""
[2025-11-08 21:14:41.874 +00:00] [INF] [18] Emby.Server.Implementations.ScheduledTasks.TaskManager: "Clean up collections and playlists" Completed after 0 minute(s) and 0 seconds
[2025-11-08 21:14:41.890 +00:00] [INF] [19] System.Net.Http.HttpClient.Default.LogicalHandler: Start processing HTTP request "GET" "https://repo.jellyfin.org/files/plugin/manifest.json"
[2025-11-08 21:14:41.890 +00:00] [INF] [19] System.Net.Http.HttpClient.Default.ClientHandler: Sending HTTP request "GET" "https://repo.jellyfin.org/files/plugin/manifest.json"
[2025-11-08 21:14:42.248 +00:00] [INF] [19] Microsoft.AspNetCore.Hosting.Diagnostics: Request starting "HTTP/1.1" "GET" "http"://"192.168.1.180:8096""""/ScheduledTasks""?isHidden=false" - null null
[2025-11-08 21:14:42.262 +00:00] [INF] [19] Microsoft.EntityFrameworkCore.Database.Command: Executed DbCommand ("0"ms) [Parameters=["@__token_0='?' (Size = 32)"], CommandType='Text', CommandTimeout='30']"
""SELECT \"a\".\"Id\", \"a\".\"AccessToken\", \"a\".\"DateCreated\", \"a\".\"DateLastActivity\", \"a\".\"Name\"
FROM \"ApiKeys\" AS \"a\"
WHERE \"a\".\"AccessToken\" = @__token_0
LIMIT 1"
[2025-11-08 21:14:42.263 +00:00] [INF] [19] Jellyfin.Api.Auth.CustomAuthenticationHandler: "CustomAuthentication" was not authenticated. Failure message: "Invalid token."
[2025-11-08 21:14:42.271 +00:00] [INF] [19] Jellyfin.Api.Auth.CustomAuthenticationHandler: "CustomAuthentication" was not authenticated. Failure message: "Invalid token."
[2025-11-08 21:14:42.274 +00:00] [INF] [19] Microsoft.AspNetCore.Authorization.DefaultAuthorizationService: Authorization failed. "These requirements were not met:
ClaimsAuthorizationRequirement:Claim.Type=http://schemas.microsoft.com/ws/2008/06/identity/claims/role and Claim.Value is one of the following values: (Administrator)"
[2025-11-08 21:14:42.275 +00:00] [INF] [19] Jellyfin.Api.Auth.CustomAuthenticationHandler: AuthenticationScheme: "CustomAuthentication" was challenged.
[2025-11-08 21:14:42.275 +00:00] [INF] [19] Microsoft.AspNetCore.Hosting.Diagnostics: Request finished "HTTP/1.1" "GET" "http"://"192.168.1.180:8096""""/ScheduledTasks""?isHidden=false" - 401 0 null 26.7809ms
[2025-11-08 21:14:42.681 +00:00] [INF] [19] System.Net.Http.HttpClient.Default.ClientHandler: Received HTTP response headers after 789.5573ms - 200
[2025-11-08 21:14:42.682 +00:00] [INF] [19] System.Net.Http.HttpClient.Default.LogicalHandler: End processing HTTP request after 806.4074ms - 200
[2025-11-08 21:14:42.818 +00:00] [INF] [19] Emby.Server.Implementations.ScheduledTasks.TaskManager: "Update Plugins" Completed after 0 minute(s) and 0 seconds
[2025-11-08 21:14:51.722 +00:00] [INF] [8] Microsoft.AspNetCore.Hosting.Diagnostics: Request starting "HTTP/1.1" "POST" "http"://"192.168.1.180:8096""""/Users/AuthenticateByName""" - "application/json" 24
[2025-11-08 21:14:51.725 +00:00] [INF] [8] Microsoft.AspNetCore.Routing.EndpointMiddleware: Executing endpoint '"Jellyfin.Api.Controllers.UserController.AuthenticateUserByName (Jellyfin.Api)"'
[2025-11-08 21:14:51.734 +00:00] [INF] [8] Microsoft.AspNetCore.Mvc.Infrastructure.ControllerActionInvoker: Route matched with "{action = \"AuthenticateUserByName\", controller = \"User\"}". Executing controller action with signature "System.Threading.Tasks.Task`1[Microsoft.AspNetCore.Mvc.ActionResult`1[MediaBrowser.Controller.Authentication.AuthenticationResult]] AuthenticateUserByName(Jellyfin.Api.Models.UserDtos.AuthenticateUserByName)" on controller "Jellyfin.Api.Controllers.UserController" ("Jellyfin.Api").
[2025-11-08 21:14:51.746 +00:00] [INF] [8] Microsoft.AspNetCore.Mvc.Infrastructure.ObjectResultExecutor: Executing "BadRequestObjectResult", writing value of type '"Microsoft.AspNetCore.Mvc.ValidationProblemDetails"'.
[2025-11-08 21:14:51.759 +00:00] [INF] [8] Microsoft.AspNetCore.Mvc.Infrastructure.ControllerActionInvoker: Executed action "Jellyfin.Api.Controllers.UserController.AuthenticateUserByName (Jellyfin.Api)" in 23.6097ms
[2025-11-08 21:14:51.759 +00:00] [INF] [8] Microsoft.AspNetCore.Routing.EndpointMiddleware: Executed endpoint '"Jellyfin.Api.Controllers.UserController.AuthenticateUserByName (Jellyfin.Api)"'
[2025-11-08 21:14:51.760 +00:00] [INF] [8] Microsoft.AspNetCore.Hosting.Diagnostics: Request finished "HTTP/1.1" "POST" "http"://"192.168.1.180:8096""""/Users/AuthenticateByName""" - 400 null "application/json; charset=utf-8" 37.8373ms
[2025-11-08 21:15:11.928 +00:00] [INF] [18] Microsoft.AspNetCore.Hosting.Diagnostics: Request starting "HTTP/1.1" "GET" "http"://"localhost:8096""""/health""" - null null
[2025-11-08 21:15:11.929 +00:00] [INF] [18] Microsoft.AspNetCore.Routing.EndpointMiddleware: Executing endpoint '"Health checks"'
[2025-11-08 21:15:11.931 +00:00] [INF] [8] Microsoft.AspNetCore.Routing.EndpointMiddleware: Executed endpoint '"Health checks"'
[2025-11-08 21:15:11.931 +00:00] [INF] [8] Microsoft.AspNetCore.Hosting.Diagnostics: Request finished "HTTP/1.1" "GET" "http"://"localhost:8096""""/health""" - 200 null "text/plain" 2.5564ms
